Starting a Gradle Daemon, 1 stopped Daemon could not be reused, use --status for details
> Task :compileJava
> Task :processResources
> Task :classes
> Task :resolveMainClassName

> Task :bootRun

  .   ____          _            __ _ _
 /\\ / ___'_ __ _ _(_)_ __  __ _ \ \ \ \
( ( )\___ | '_ | '_| | '_ \/ _` | \ \ \ \
 \\/  ___)| |_)| | | | | || (_| |  ) ) ) )
  '  |____| .__|_| |_|_| |_\__, | / / / /
 =========|_|==============|___/=/_/_/_/

 :: Spring Boot ::                (v3.4.1)

2025-03-11T13:34:09.179+05:30  INFO 2662 --- [learning_navigator] [  restartedMain] c.c.l.LearningNavigatorApplication       : Starting LearningNavigatorApplication using Java 17.0.7 with PID 2662 (/tmp/gradle_builds/learning_navigator/learning_navigator/classes/java/main started by crio-user in /home/crio-user/workspace/Learning-Navigator)
2025-03-11T13:34:09.202+05:30  INFO 2662 --- [learning_navigator] [  restartedMain] c.c.l.LearningNavigatorApplication       : No active profile set, falling back to 1 default profile: "default"
2025-03-11T13:34:09.274+05:30  INFO 2662 --- [learning_navigator] [  restartedMain] .e.DevToolsPropertyDefaultsPostProcessor : Devtools property defaults active! Set 'spring.devtools.add-properties' to 'false' to disable
2025-03-11T13:34:09.274+05:30  INFO 2662 --- [learning_navigator] [  restartedMain] .e.DevToolsPropertyDefaultsPostProcessor : For additional web related logging consider setting the 'logging.level.web' property to 'DEBUG'
2025-03-11T13:34:10.496+05:30  INFO 2662 --- [learning_navigator] [  restartedMain] .s.d.r.c.RepositoryConfigurationDelegate : Bootstrapping Spring Data JPA repositories in DEFAULT mode.
2025-03-11T13:34:10.598+05:30  INFO 2662 --- [learning_navigator] [  restartedMain] .s.d.r.c.RepositoryConfigurationDelegate : Finished Spring Data repository scanning in 79 ms. Found 3 JPA repository interfaces.
2025-03-11T13:34:11.387+05:30  INFO 2662 --- [learning_navigator] [  restartedMain] o.s.b.w.embedded.tomcat.TomcatWebServer  : Tomcat initialized with port 8081 (http)
2025-03-11T13:34:11.405+05:30  INFO 2662 --- [learning_navigator] [  restartedMain] o.apache.catalina.core.StandardService   : Starting service [Tomcat]
2025-03-11T13:34:11.406+05:30  INFO 2662 --- [learning_navigator] [  restartedMain] o.apache.catalina.core.StandardEngine    : Starting Servlet engine: [Apache Tomcat/10.1.34]
2025-03-11T13:34:11.461+05:30  INFO 2662 --- [learning_navigator] [  restartedMain] o.a.c.c.C.[Tomcat].[localhost].[/]       : Initializing Spring embedded WebApplicationContext
2025-03-11T13:34:11.463+05:30  INFO 2662 --- [learning_navigator] [  restartedMain] w.s.c.ServletWebServerApplicationContext : Root WebApplicationContext: initialization completed in 2187 ms
2025-03-11T13:34:11.658+05:30  INFO 2662 --- [learning_navigator] [  restartedMain] o.hibernate.jpa.internal.util.LogHelper  : HHH000204: Processing PersistenceUnitInfo [name: default]
2025-03-11T13:34:11.739+05:30  INFO 2662 --- [learning_navigator] [  restartedMain] org.hibernate.Version                    : HHH000412: Hibernate ORM core version 6.6.4.Final
2025-03-11T13:34:11.784+05:30  INFO 2662 --- [learning_navigator] [  restartedMain] o.h.c.internal.RegionFactoryInitiator    : HHH000026: Second-level cache disabled
2025-03-11T13:34:12.242+05:30  INFO 2662 --- [learning_navigator] [  restartedMain] o.s.o.j.p.SpringPersistenceUnitInfo      : No LoadTimeWeaver setup: ignoring JPA class transformer
2025-03-11T13:34:12.279+05:30  INFO 2662 --- [learning_navigator] [  restartedMain] com.zaxxer.hikari.HikariDataSource       : HikariPool-1 - Starting...
2025-03-11T13:34:12.719+05:30  INFO 2662 --- [learning_navigator] [  restartedMain] com.zaxxer.hikari.pool.HikariPool        : HikariPool-1 - Added connection com.mysql.cj.jdbc.ConnectionImpl@a33a68
2025-03-11T13:34:12.721+05:30  INFO 2662 --- [learning_navigator] [  restartedMain] com.zaxxer.hikari.HikariDataSource       : HikariPool-1 - Start completed.
2025-03-11T13:34:12.787+05:30  WARN 2662 --- [learning_navigator] [  restartedMain] org.hibernate.dialect.Dialect            : HHH000511: The 5.7.42 version for [org.hibernate.dialect.MySQLDialect] is no longer supported, hence certain features may not work properly. The minimum supported version is 8.0.0. Check the community dialects project for available legacy versions.
2025-03-11T13:34:12.821+05:30  INFO 2662 --- [learning_navigator] [  restartedMain] org.hibernate.orm.connections.pooling    : HHH10001005: Database info:
	Database JDBC URL [Connecting through datasource 'HikariDataSource (HikariPool-1)']
	Database driver: undefined/unknown
	Database version: 5.7.42
	Autocommit mode: undefined/unknown
	Isolation level: undefined/unknown
	Minimum pool size: undefined/unknown
	Maximum pool size: undefined/unknown
2025-03-11T13:34:14.505+05:30  INFO 2662 --- [learning_navigator] [  restartedMain] o.h.e.t.j.p.i.JtaPlatformInitiator       : HHH000489: No JTA platform available (set 'hibernate.transaction.jta.platform' to enable JTA platform integration)
2025-03-11T13:34:15.083+05:30  INFO 2662 --- [learning_navigator] [  restartedMain] j.LocalContainerEntityManagerFactoryBean : Initialized JPA EntityManagerFactory for persistence unit 'default'
2025-03-11T13:34:15.959+05:30  WARN 2662 --- [learning_navigator] [  restartedMain] JpaBaseConfiguration$JpaWebConfiguration : spring.jpa.open-in-view is enabled by default. Therefore, database queries may be performed during view rendering. Explicitly configure spring.jpa.open-in-view to disable this warning
2025-03-11T13:34:16.372+05:30  INFO 2662 --- [learning_navigator] [  restartedMain] o.s.b.d.a.OptionalLiveReloadServer       : LiveReload server is running on port 35729
2025-03-11T13:34:16.417+05:30  INFO 2662 --- [learning_navigator] [  restartedMain] o.s.b.w.embedded.tomcat.TomcatWebServer  : Tomcat started on port 8081 (http) with context path '/'
2025-03-11T13:34:16.449+05:30  INFO 2662 --- [learning_navigator] [  restartedMain] c.c.l.LearningNavigatorApplication       : Started LearningNavigatorApplication in 8.001 seconds (process running for 8.848)
2025-03-11T13:34:17.637+05:30  INFO 2662 --- [learning_navigator] [nio-8081-exec-1] o.a.c.c.C.[Tomcat].[localhost].[/]       : Initializing Spring DispatcherServlet 'dispatcherServlet'
2025-03-11T13:34:17.638+05:30  INFO 2662 --- [learning_navigator] [nio-8081-exec-1] o.s.web.servlet.DispatcherServlet        : Initializing Servlet 'dispatcherServlet'
2025-03-11T13:34:17.641+05:30  INFO 2662 --- [learning_navigator] [nio-8081-exec-1] o.s.web.servlet.DispatcherServlet        : Completed initialization in 3 ms
2025-03-11T13:34:17.830+05:30  INFO 2662 --- [learning_navigator] [nio-8081-exec-1] c.c.l.service.StudentServiceImpl         : Attempting to create a new Student
2025-03-11T13:34:18.062+05:30  INFO 2662 --- [learning_navigator] [nio-8081-exec-3] c.c.l.service.SubjectServiceImpl         : Attempting to create a new subject
2025-03-11T13:34:18.381+05:30  WARN 2662 --- [learning_navigator] [nio-8081-exec-2] .m.m.a.ExceptionHandlerExceptionResolver : Resolved [com.crio.learning_navigator.exception.StudentAlreadyEnrolledInSubjectException: Student with id: 1 has already enrolled in subject: ENGLISH]
2025-03-11T13:34:18.410+05:30  INFO 2662 --- [learning_navigator] [nio-8081-exec-5] c.c.l.service.ExamServiceImpl            : Attempting to create a new Exam
2025-03-11T13:34:18.520+05:30  WARN 2662 --- [learning_navigator] [nio-8081-exec-7] .m.m.a.ExceptionHandlerExceptionResolver : Resolved [com.crio.learning_navigator.exception.StudentAlreadyEnrolledForExamException: Student with id: 1 has already enrolled for this particular exam with id: 1]
