25-11-16 19:35:22.651 [main] INFO  c.c.l.LearningNavigatorApplication - LEARNING NAVIGATOR APPLICATION STARTS!!! 
25-11-16 19:35:22.898 [restartedMain] INFO  c.c.l.LearningNavigatorApplication - LEARNING NAVIGATOR APPLICATION STARTS!!! 
25-11-16 19:35:23.350 [background-preinit] INFO  o.h.validator.internal.util.Version - HV000001: Hibernate Validator 8.0.2.Final 
25-11-16 19:35:23.459 [restartedMain] INFO  c.c.l.LearningNavigatorApplication - Starting LearningNavigatorApplication using Java 17.0.7 with PID 13048 (/tmp/gradle_builds/learning_navigator/learning_navigator/classes/java/main started by crio-user in /home/crio-user/workspace/bdt-intv-1-november/azkar7307-ME_BUILDOUT_LEARNING_NAVIGATOR) 
25-11-16 19:35:23.461 [restartedMain] INFO  c.c.l.LearningNavigatorApplication - No active profile set, falling back to 1 default profile: "default" 
25-11-16 19:35:23.615 [restartedMain] INFO  o.s.b.d.e.DevToolsPropertyDefaultsPostProcessor - Devtools property defaults active! Set 'spring.devtools.add-properties' to 'false' to disable 
25-11-16 19:35:23.616 [restartedMain] INFO  o.s.b.d.e.DevToolsPropertyDefaultsPostProcessor - For additional web related logging consider setting the 'logging.level.web' property to 'DEBUG' 
25-11-16 19:35:24.614 [restartedMain] INFO  o.s.d.r.c.RepositoryConfigurationDelegate - Bootstrapping Spring Data JPA repositories in DEFAULT mode. 
25-11-16 19:35:24.707 [restartedMain] INFO  o.s.d.r.c.RepositoryConfigurationDelegate - Finished Spring Data repository scanning in 81 ms. Found 3 JPA repository interfaces. 
25-11-16 19:35:25.438 [restartedMain] INFO  o.s.b.w.e.tomcat.TomcatWebServer - Tomcat initialized with port 8081 (http) 
25-11-16 19:35:25.457 [restartedMain] INFO  o.a.coyote.http11.Http11NioProtocol - Initializing ProtocolHandler ["http-nio-8081"] 
25-11-16 19:35:25.461 [restartedMain] INFO  o.a.catalina.core.StandardService - Starting service [Tomcat] 
25-11-16 19:35:25.462 [restartedMain] INFO  o.a.catalina.core.StandardEngine - Starting Servlet engine: [Apache Tomcat/10.1.34] 
25-11-16 19:35:25.531 [restartedMain] INFO  o.a.c.c.C.[Tomcat].[localhost].[/] - Initializing Spring embedded WebApplicationContext 
25-11-16 19:35:25.531 [restartedMain] INFO  o.s.b.w.s.c.ServletWebServerApplicationContext - Root WebApplicationContext: initialization completed in 1910 ms 
25-11-16 19:35:25.733 [restartedMain] INFO  o.h.jpa.internal.util.LogHelper - HHH000204: Processing PersistenceUnitInfo [name: default] 
25-11-16 19:35:25.796 [restartedMain] INFO  org.hibernate.Version - HHH000412: Hibernate ORM core version 6.6.4.Final 
25-11-16 19:35:25.866 [restartedMain] INFO  o.h.c.i.RegionFactoryInitiator - HHH000026: Second-level cache disabled 
25-11-16 19:35:26.222 [restartedMain] INFO  o.s.o.j.p.SpringPersistenceUnitInfo - No LoadTimeWeaver setup: ignoring JPA class transformer 
25-11-16 19:35:26.265 [restartedMain] INFO  com.zaxxer.hikari.HikariDataSource - HikariPool-1 - Starting... 
25-11-16 19:35:26.874 [restartedMain] INFO  com.zaxxer.hikari.pool.HikariPool - HikariPool-1 - Added connection com.mysql.cj.jdbc.ConnectionImpl@40102f66 
25-11-16 19:35:26.877 [restartedMain] INFO  com.zaxxer.hikari.HikariDataSource - HikariPool-1 - Start completed. 
25-11-16 19:35:27.055 [restartedMain] WARN  org.hibernate.dialect.Dialect - HHH000511: The 5.7.42 version for [org.hibernate.dialect.MySQLDialect] is no longer supported, hence certain features may not work properly. The minimum supported version is 8.0.0. Check the community dialects project for available legacy versions. 
25-11-16 19:35:27.188 [restartedMain] INFO  o.hibernate.orm.connections.pooling - HHH10001005: Database info:
	Database JDBC URL [Connecting through datasource 'HikariDataSource (HikariPool-1)']
	Database driver: undefined/unknown
	Database version: 5.7.42
	Autocommit mode: undefined/unknown
	Isolation level: undefined/unknown
	Minimum pool size: undefined/unknown
	Maximum pool size: undefined/unknown 
25-11-16 19:35:28.665 [restartedMain] INFO  o.h.e.t.j.p.i.JtaPlatformInitiator - HHH000489: No JTA platform available (set 'hibernate.transaction.jta.platform' to enable JTA platform integration) 
25-11-16 19:35:28.771 [restartedMain] INFO  o.s.o.j.LocalContainerEntityManagerFactoryBean - Initialized JPA EntityManagerFactory for persistence unit 'default' 
25-11-16 19:35:28.856 [restartedMain] WARN  o.s.b.a.o.j.JpaBaseConfiguration$JpaWebConfiguration - spring.jpa.open-in-view is enabled by default. Therefore, database queries may be performed during view rendering. Explicitly configure spring.jpa.open-in-view to disable this warning 
25-11-16 19:35:29.620 [restartedMain] INFO  o.s.b.d.a.OptionalLiveReloadServer - LiveReload server is running on port 35729 
25-11-16 19:35:29.644 [restartedMain] INFO  o.a.coyote.http11.Http11NioProtocol - Starting ProtocolHandler ["http-nio-8081"] 
25-11-16 19:35:29.660 [restartedMain] INFO  o.s.b.w.e.tomcat.TomcatWebServer - Tomcat started on port 8081 (http) with context path '/' 
25-11-16 19:35:29.678 [restartedMain] INFO  c.c.l.LearningNavigatorApplication - Started LearningNavigatorApplication in 6.765 seconds (process running for 7.709) 
