25-11-16 19:34:34.121 [Test worker] INFO  o.s.t.c.s.AnnotationConfigContextLoaderUtils - Could not detect default configuration classes for test class [com.crio.learning_navigator.LearningNavigatorApplicationTests]: LearningNavigatorApplicationTests does not declare any static, non-private, non-final, nested classes annotated with @Configuration. 
25-11-16 19:34:34.366 [Test worker] INFO  o.s.b.t.c.SpringBootTestContextBootstrapper - Found @SpringBootConfiguration com.crio.learning_navigator.LearningNavigatorApplication for test class com.crio.learning_navigator.LearningNavigatorApplicationTests 
25-11-16 19:34:35.032 [background-preinit] INFO  o.h.validator.internal.util.Version - HV000001: Hibernate Validator 8.0.2.Final 
25-11-16 19:34:35.184 [Test worker] INFO  c.c.l.LearningNavigatorApplicationTests - Starting LearningNavigatorApplicationTests using Java 17.0.7 with PID 12663 (started by crio-user in /home/crio-user/workspace/bdt-intv-1-november/azkar7307-ME_BUILDOUT_LEARNING_NAVIGATOR) 
25-11-16 19:34:35.188 [Test worker] INFO  c.c.l.LearningNavigatorApplicationTests - No active profile set, falling back to 1 default profile: "default" 
25-11-16 19:34:36.619 [Test worker] INFO  o.s.d.r.c.RepositoryConfigurationDelegate - Bootstrapping Spring Data JPA repositories in DEFAULT mode. 
25-11-16 19:34:36.732 [Test worker] INFO  o.s.d.r.c.RepositoryConfigurationDelegate - Finished Spring Data repository scanning in 97 ms. Found 3 JPA repository interfaces. 
25-11-16 19:34:37.749 [Test worker] INFO  o.h.jpa.internal.util.LogHelper - HHH000204: Processing PersistenceUnitInfo [name: default] 
25-11-16 19:34:37.830 [Test worker] INFO  org.hibernate.Version - HHH000412: Hibernate ORM core version 6.6.4.Final 
25-11-16 19:34:37.888 [Test worker] INFO  o.h.c.i.RegionFactoryInitiator - HHH000026: Second-level cache disabled 
25-11-16 19:34:38.374 [Test worker] INFO  o.s.o.j.p.SpringPersistenceUnitInfo - No LoadTimeWeaver setup: ignoring JPA class transformer 
25-11-16 19:34:38.417 [Test worker] INFO  com.zaxxer.hikari.HikariDataSource - HikariPool-1 - Starting... 
25-11-16 19:34:38.987 [Test worker] INFO  com.zaxxer.hikari.pool.HikariPool - HikariPool-1 - Added connection com.mysql.cj.jdbc.ConnectionImpl@8aa5ab4 
25-11-16 19:34:38.990 [Test worker] INFO  com.zaxxer.hikari.HikariDataSource - HikariPool-1 - Start completed. 
25-11-16 19:34:39.092 [Test worker] WARN  org.hibernate.dialect.Dialect - HHH000511: The 5.7.42 version for [org.hibernate.dialect.MySQLDialect] is no longer supported, hence certain features may not work properly. The minimum supported version is 8.0.0. Check the community dialects project for available legacy versions. 
25-11-16 19:34:39.172 [Test worker] INFO  o.hibernate.orm.connections.pooling - HHH10001005: Database info:
	Database JDBC URL [Connecting through datasource 'HikariDataSource (HikariPool-1)']
	Database driver: undefined/unknown
	Database version: 5.7.42
	Autocommit mode: undefined/unknown
	Isolation level: undefined/unknown
	Minimum pool size: undefined/unknown
	Maximum pool size: undefined/unknown 
25-11-16 19:34:41.403 [Test worker] INFO  o.h.e.t.j.p.i.JtaPlatformInitiator - HHH000489: No JTA platform available (set 'hibernate.transaction.jta.platform' to enable JTA platform integration) 
25-11-16 19:34:41.585 [Test worker] INFO  o.s.o.j.LocalContainerEntityManagerFactoryBean - Initialized JPA EntityManagerFactory for persistence unit 'default' 
25-11-16 19:34:41.970 [Test worker] WARN  o.s.b.a.o.j.JpaBaseConfiguration$JpaWebConfiguration - spring.jpa.open-in-view is enabled by default. Therefore, database queries may be performed during view rendering. Explicitly configure spring.jpa.open-in-view to disable this warning 
25-11-16 19:34:43.157 [Test worker] INFO  c.c.l.LearningNavigatorApplicationTests - Started LearningNavigatorApplicationTests in 8.583 seconds (process running for 10.762) 
25-11-16 19:34:44.102 [SpringApplicationShutdownHook] INFO  o.s.o.j.LocalContainerEntityManagerFactoryBean - Closing JPA EntityManagerFactory for persistence unit 'default' 
25-11-16 19:34:44.107 [SpringApplicationShutdownHook] INFO  com.zaxxer.hikari.HikariDataSource - HikariPool-1 - Shutdown initiated... 
25-11-16 19:34:44.125 [SpringApplicationShutdownHook] INFO  com.zaxxer.hikari.HikariDataSource - HikariPool-1 - Shutdown completed. 
